<?xml version="1.0" encoding="UTF-8"?>
<!-- Generated by org.testng.reporters.JUnitReportReporter -->
<testsuite hostname="um" failures="0" tests="6" name="GoPadelTest.GoPadelTest" time="27.460" errors="0" timestamp="2022-05-17T10:21:43 IST" skipped="0">
  <testcase classname="GoPadelTest.GoPadelTest" name="bookingCalenderTest" time="6.294"/>
  <system-out/>
  <testcase classname="GoPadelTest.GoPadelTest" name="bookingPopupTest" time="10.789"/>
  <system-out/>
  <testcase classname="GoPadelTest.GoPadelTest" name="trainerBookingTest" time="2.454"/>
  <system-out/>
  <testcase classname="GoPadelTest.GoPadelTest" name="recurringBookingTest" time="2.205"/>
  <system-out/>
  <testcase classname="GoPadelTest.GoPadelTest" name="manageBookPageTest" time="5.510"/>
  <system-out/>
  <testcase classname="GoPadelTest.GoPadelTest" name="blockTimePageTest" time="0.208"/>
  <system-out/>
</testsuite> <!-- GoPadelTest.GoPadelTest -->
